<?xml version="1.0" encoding="UTF-8"?>
<testsuite xmlns:xsi="http://www.w3.org/2001/XMLSchema-instance" xsi:noNamespaceSchemaLocation="https://maven.apache.org/surefire/maven-surefire-plugin/xsd/surefire-test-report-3.0.xsd" version="3.0" name="TestSuite" time="89.147" tests="8" errors="0" skipped="0" failures="4">
  <properties>
    <property name="awt.toolkit" value="sun.awt.windows.WToolkit"/>
    <property name="java.specification.version" value="1.8"/>
    <property name="sun.cpu.isalist" value="amd64"/>
    <property name="sun.jnu.encoding" value="Cp1252"/>
    <property name="SESSIONNAME" value="Console"/>
    <property name="ALLUSERSPROFILE" value="C:\ProgramData"/>
    <property name="sun.arch.data.model" value="64"/>
    <property name="SystemDrive" value="C:"/>
    <property name="java.vendor.url" value="http://java.oracle.com/"/>
    <property name="USERNAME" value="jmorin"/>
    <property name="ProgramFiles(x86)" value="C:\Program Files (x86)"/>
    <property name="sun.boot.library.path" value="C:\Program Files\Java\jdk1.8.0_201\jre\bin"/>
    <property name="FPS_BROWSER_USER_PROFILE_STRING" value="Default"/>
    <property name="sun.java.command" value="org.codehaus.classworlds.Launcher -Didea.version2019.1.3 clean test -DforkCount=0"/>
    <property name="PATHEXT" value=".COM;.EXE;.BAT;.CMD;.VBS;.VBE;.JS;.JSE;.WSF;.WSH;.MSC"/>
    <property name="maven.home" value="C:\Users\jmorin\AppData\Local\JetBrains\IntelliJ IDEA Community Edition 2019.1.3\plugins\maven\lib\maven3"/>
    <property name="DriverData" value="C:\Windows\System32\Drivers\DriverData"/>
    <property name="IntelliJ IDEA Community Edition" value="C:\Users\jmorin\AppData\Local\JetBrains\IntelliJ IDEA Community Edition 2019.1.3\bin;"/>
    <property name="java.specification.vendor" value="Oracle Corporation"/>
    <property name="HOMESHARE" value="\\ustoreit\North-Users\jmorin"/>
    <property name="java.home" value="C:\Program Files\Java\jdk1.8.0_201\jre"/>
    <property name="file.separator" value="\"/>
    <property name="basedir" value="C:\Users\jmorin\Desktop\repo\sdet trial framework\testFramework-Spring19"/>
    <property name="line.separator" value="&#10;"/>
    <property name="HOMEPATH" value="\"/>
    <property name="java.vm.specification.vendor" value="Oracle Corporation"/>
    <property name="java.specification.name" value="Java Platform API Specification"/>
    <property name="PROCESSOR_IDENTIFIER" value="Intel64 Family 6 Model 78 Stepping 3, GenuineIntel"/>
    <property name="ProgramFiles" value="C:\Program Files"/>
    <property name="PUBLIC" value="C:\Users\Public"/>
    <property name="windir" value="C:\WINDOWS"/>
    <property name="app.env" value="local"/>
    <property name="=::" value="::\"/>
    <property name="OneDriveCommercial" value="C:\Users\jmorin\OneDrive - Xpanxion"/>
    <property name="sun.boot.class.path" value="C:\Program Files\Java\jdk1.8.0_201\jre\lib\resources.jar;C:\Program Files\Java\jdk1.8.0_201\jre\lib\rt.jar;C:\Program Files\Java\jdk1.8.0_201\jre\lib\sunrsasign.jar;C:\Program Files\Java\jdk1.8.0_201\jre\lib\jsse.jar;C:\Program Files\Java\jdk1.8.0_201\jre\lib\jce.jar;C:\Program Files\Java\jdk1.8.0_201\jre\lib\charsets.jar;C:\Program Files\Java\jdk1.8.0_201\jre\lib\jfr.jar;C:\Program Files\Java\jdk1.8.0_201\jre\classes"/>
    <property name="user.script" value=""/>
    <property name="sun.management.compiler" value="HotSpot 64-Bit Tiered Compilers"/>
    <property name="FPS_BROWSER_APP_PROFILE_STRING" value="Internet Explorer"/>
    <property name="java.runtime.version" value="1.8.0_201-b09"/>
    <property name="JAVA_HOME" value="C:\Program Files\Java\jdk1.8.0_201"/>
    <property name="user.name" value="jmorin"/>
    <property name="OneDrive" value="C:\Users\jmorin\OneDrive - Xpanxion"/>
    <property name="APPDATA" value="C:\Users\jmorin\AppData\Roaming"/>
    <property name="file.encoding" value="UTF-8"/>
    <property name="guice.disable.misplaced.annotation.check" value="true"/>
    <property name="ChocolateyInstall" value="C:\ProgramData\chocolatey"/>
    <property name="localRepository" value="C:\Users\jmorin\.m2\repository"/>
    <property name="Path" value="C:\Program Files (x86)\Common Files\Oracle\Java\javapath;C:\ProgramData\DockerDesktop\version-bin;C:\Program Files\Docker\Docker\Resources\bin;C:\WINDOWS\system32;C:\WINDOWS;C:\WINDOWS\System32\Wbem;C:\WINDOWS\System32\WindowsPowerShell\v1.0\;C:\Program Files\MongoDB\Server\3.4\bin;C:\Program Files\Microsoft SQL Server\130\Tools\Binn\;C:\Program Files\Git\cmd;C:\WINDOWS\System32\OpenSSH\;C:\Program Files\nodejs\;C:\ProgramData\chocolatey\bin;C:\Program Files (x86)\Microsoft VS Code\bin;C:\Program Files\Java\jdk1.8.0_201\bin;C:\ProgramData\chocolatey\lib\maven\apache-maven-3.6.1\bin;C:\Program Files (x86)\Google\Chrome\Application;C:\ProgramData\Oracle\Java\javapath;C:\Windows\system32;C:\Windows;C:\Windows\System32\Wbem;C:\Windows\System32\WindowsPowerShell\v1.0\;C:\Program Files (x86)\Skype\Phone\;C:\Users\jmorin\AppData\Local\Microsoft\WindowsApps;C:\Users\jmorin\AppData\Roaming\npm;C:\Users\jmorin\AppData\Local\Programs\Git\cmd;C:\Users\jmorin\AppData\Local\JetBrains\IntelliJ IDEA Community Edition 2019.1.3\bin;"/>
    <property name="java.io.tmpdir" value="C:\Users\jmorin\AppData\Local\Temp\"/>
    <property name="java.version" value="1.8.0_201"/>
    <property name="COMPUTERNAME" value="KNY-LENOVO1498"/>
    <property name="java.vm.specification.name" value="Java Virtual Machine Specification"/>
    <property name="java.awt.printerjob" value="sun.awt.windows.WPrinterJob"/>
    <property name="idea.version2019.1.3" value="true"/>
    <property name="ComSpec" value="C:\WINDOWS\system32\cmd.exe"/>
    <property name="sun.os.patch.level" value=""/>
    <property name="java.library.path" value="C:\Program Files\Java\jdk1.8.0_201\bin;C:\WINDOWS\Sun\Java\bin;C:\WINDOWS\system32;C:\WINDOWS;C:\Program Files (x86)\Common Files\Oracle\Java\javapath;C:\ProgramData\DockerDesktop\version-bin;C:\Program Files\Docker\Docker\Resources\bin;C:\WINDOWS\system32;C:\WINDOWS;C:\WINDOWS\System32\Wbem;C:\WINDOWS\System32\WindowsPowerShell\v1.0\;C:\Program Files\MongoDB\Server\3.4\bin;C:\Program Files\Microsoft SQL Server\130\Tools\Binn\;C:\Program Files\Git\cmd;C:\WINDOWS\System32\OpenSSH\;C:\Program Files\nodejs\;C:\ProgramData\chocolatey\bin;C:\Program Files (x86)\Microsoft VS Code\bin;C:\Program Files\Java\jdk1.8.0_201\bin;C:\ProgramData\chocolatey\lib\maven\apache-maven-3.6.1\bin;C:\Program Files (x86)\Google\Chrome\Application;C:\ProgramData\Oracle\Java\javapath;C:\Windows\system32;C:\Windows;C:\Windows\System32\Wbem;C:\Windows\System32\WindowsPowerShell\v1.0\;C:\Program Files (x86)\Skype\Phone\;C:\Users\jmorin\AppData\Local\Microsoft\WindowsApps;C:\Users\jmorin\AppData\Roaming\npm;C:\Users\jmorin\AppData\Local\Programs\Git\cmd;C:\Users\jmorin\AppData\Local\JetBrains\IntelliJ IDEA Community Edition 2019.1.3\bin;;."/>
    <property name="=D:" value="D:\"/>
    <property name="java.vendor" value="Oracle Corporation"/>
    <property name="HOMEDRIVE" value="U:"/>
    <property name="classworlds.conf" value="C:\Users\jmorin\AppData\Local\JetBrains\IntelliJ IDEA Community Edition 2019.1.3\plugins\maven\lib\maven3\bin\m2.conf"/>
    <property name="sun.io.unicode.encoding" value="UnicodeLittle"/>
    <property name="NUMBER_OF_PROCESSORS" value="4"/>
    <property name="sun.desktop" value="windows"/>
    <property name="USERDOMAIN_ROAMINGPROFILE" value="XPX"/>
    <property name="PROCESSOR_LEVEL" value="6"/>
    <property name="file.encoding.pkg" value="sun.io"/>
    <property name="HOME_DRIVE" value="C:"/>
    <property name="webdriver.chrome.driver" value="C:\Users\jmorin\.m2\repository\webdriver\chromedriver\win32\75.0.3770.8\chromedriver.exe"/>
    <property name="java.class.path" value="C:\Users\jmorin\AppData\Local\JetBrains\IntelliJ IDEA Community Edition 2019.1.3\plugins\maven\lib\maven3\boot\plexus-classworlds-2.5.2.jar;C:\Users\jmorin\AppData\Local\JetBrains\IntelliJ IDEA Community Edition 2019.1.3\lib\idea_rt.jar"/>
    <property name="forkCount" value="0"/>
    <property name="java.vm.vendor" value="Oracle Corporation"/>
    <property name="PROCESSOR_ARCHITECTURE" value="AMD64"/>
    <property name="PSModulePath" value="C:\Program Files\WindowsPowerShell\Modules;C:\WINDOWS\system32\WindowsPowerShell\v1.0\Modules"/>
    <property name="user.variant" value=""/>
    <property name="user.timezone" value="America/Chicago"/>
    <property name="os.name" value="Windows 10"/>
    <property name="java.vm.specification.version" value="1.8"/>
    <property name="USERDNSDOMAIN" value="XPX.INTRA"/>
    <property name="sun.java.launcher" value="SUN_STANDARD"/>
    <property name="user.country" value="US"/>
    <property name="HOME_PATH" value="\Users\jmorin"/>
    <property name="surefire.test.class.path" value="C:\Users\jmorin\Desktop\repo\sdet trial framework\testFramework-Spring19\target\test-classes;C:\Users\jmorin\Desktop\repo\sdet trial framework\testFramework-Spring19\target\classes;C:\Users\jmorin\.m2\repository\org\seleniumhq\selenium\selenium-java\3.141.59\selenium-java-3.141.59.jar;C:\Users\jmorin\.m2\repository\org\seleniumhq\selenium\selenium-api\3.141.59\selenium-api-3.141.59.jar;C:\Users\jmorin\.m2\repository\org\seleniumhq\selenium\selenium-chrome-driver\3.141.59\selenium-chrome-driver-3.141.59.jar;C:\Users\jmorin\.m2\repository\org\seleniumhq\selenium\selenium-edge-driver\3.141.59\selenium-edge-driver-3.141.59.jar;C:\Users\jmorin\.m2\repository\org\seleniumhq\selenium\selenium-firefox-driver\3.141.59\selenium-firefox-driver-3.141.59.jar;C:\Users\jmorin\.m2\repository\org\seleniumhq\selenium\selenium-ie-driver\3.141.59\selenium-ie-driver-3.141.59.jar;C:\Users\jmorin\.m2\repository\org\seleniumhq\selenium\selenium-opera-driver\3.141.59\selenium-opera-driver-3.141.59.jar;C:\Users\jmorin\.m2\repository\org\seleniumhq\selenium\selenium-remote-driver\3.141.59\selenium-remote-driver-3.141.59.jar;C:\Users\jmorin\.m2\repository\org\seleniumhq\selenium\selenium-safari-driver\3.141.59\selenium-safari-driver-3.141.59.jar;C:\Users\jmorin\.m2\repository\org\seleniumhq\selenium\selenium-support\3.141.59\selenium-support-3.141.59.jar;C:\Users\jmorin\.m2\repository\net\bytebuddy\byte-buddy\1.8.15\byte-buddy-1.8.15.jar;C:\Users\jmorin\.m2\repository\org\apache\commons\commons-exec\1.3\commons-exec-1.3.jar;C:\Users\jmorin\.m2\repository\com\google\guava\guava\25.0-jre\guava-25.0-jre.jar;C:\Users\jmorin\.m2\repository\com\google\code\findbugs\jsr305\1.3.9\jsr305-1.3.9.jar;C:\Users\jmorin\.m2\repository\org\checkerframework\checker-compat-qual\2.0.0\checker-compat-qual-2.0.0.jar;C:\Users\jmorin\.m2\repository\com\google\errorprone\error_prone_annotations\2.1.3\error_prone_annotations-2.1.3.jar;C:\Users\jmorin\.m2\repository\com\google\j2objc\j2objc-annotations\1.1\j2objc-annotations-1.1.jar;C:\Users\jmorin\.m2\repository\org\codehaus\mojo\animal-sniffer-annotations\1.14\animal-sniffer-annotations-1.14.jar;C:\Users\jmorin\.m2\repository\com\squareup\okhttp3\okhttp\3.11.0\okhttp-3.11.0.jar;C:\Users\jmorin\.m2\repository\com\squareup\okio\okio\1.14.0\okio-1.14.0.jar;C:\Users\jmorin\.m2\repository\org\testng\testng\6.14.2\testng-6.14.2.jar;C:\Users\jmorin\.m2\repository\com\beust\jcommander\1.72\jcommander-1.72.jar;C:\Users\jmorin\.m2\repository\org\apache-extras\beanshell\bsh\2.0b6\bsh-2.0b6.jar;C:\Users\jmorin\.m2\repository\org\apache\logging\log4j\log4j-core\2.11.2\log4j-core-2.11.2.jar;C:\Users\jmorin\.m2\repository\org\apache\logging\log4j\log4j-api\2.11.2\log4j-api-2.11.2.jar;C:\Users\jmorin\.m2\repository\org\apache\logging\log4j\log4j-slf4j-impl\2.11.2\log4j-slf4j-impl-2.11.2.jar;C:\Users\jmorin\.m2\repository\org\slf4j\slf4j-api\1.7.25\slf4j-api-1.7.25.jar;C:\Users\jmorin\.m2\repository\io\github\bonigarcia\webdrivermanager\3.6.0\webdrivermanager-3.6.0.jar;C:\Users\jmorin\.m2\repository\commons-io\commons-io\2.6\commons-io-2.6.jar;C:\Users\jmorin\.m2\repository\com\google\code\gson\gson\2.8.5\gson-2.8.5.jar;C:\Users\jmorin\.m2\repository\org\apache\commons\commons-lang3\3.8.1\commons-lang3-3.8.1.jar;C:\Users\jmorin\.m2\repository\org\apache\httpcomponents\httpclient\4.5.6\httpclient-4.5.6.jar;C:\Users\jmorin\.m2\repository\org\apache\httpcomponents\httpcore\4.4.10\httpcore-4.4.10.jar;C:\Users\jmorin\.m2\repository\commons-logging\commons-logging\1.2\commons-logging-1.2.jar;C:\Users\jmorin\.m2\repository\commons-codec\commons-codec\1.10\commons-codec-1.10.jar;C:\Users\jmorin\.m2\repository\org\rauschig\jarchivelib\1.0.0\jarchivelib-1.0.0.jar;C:\Users\jmorin\.m2\repository\org\apache\commons\commons-compress\1.18\commons-compress-1.18.jar;C:\Users\jmorin\.m2\repository\org\jsoup\jsoup\1.11.3\jsoup-1.11.3.jar;"/>
    <property name="sun.cpu.endian" value="little"/>
    <property name="user.home" value="C:\Users\jmorin"/>
    <property name="user.language" value="en"/>
    <property name="env.browser.name" value="chrome"/>
    <property name="env.remote.url" value=""/>
    <property name="ProgramData" value="C:\ProgramData"/>
    <property name="ProgramW6432" value="C:\Program Files"/>
    <property name="M2_HOME" value="C:\ProgramData\chocolatey\lib\maven\apache-maven-3.6.1"/>
    <property name="java.awt.graphicsenv" value="sun.awt.Win32GraphicsEnvironment"/>
    <property name="LOCALAPPDATA" value="C:\Users\jmorin\AppData\Local"/>
    <property name="ChocolateyLastPathUpdate" value="131974940679905632"/>
    <property name="USERDOMAIN" value="XPX"/>
    <property name="LOGONSERVER" value="\\DEFIANT"/>
    <property name="path.separator" value=";"/>
    <property name="os.version" value="10.0"/>
    <property name="java.endorsed.dirs" value="C:\Program Files\Java\jdk1.8.0_201\jre\lib\endorsed"/>
    <property name="java.runtime.name" value="Java(TM) SE Runtime Environment"/>
    <property name="java.vm.name" value="Java HotSpot(TM) 64-Bit Server VM"/>
    <property name="VBOX_MSI_INSTALL_PATH" value="C:\Program Files\Oracle\VirtualBox\"/>
    <property name="app.name" value="sdetTESTframework"/>
    <property name="CommonProgramFiles" value="C:\Program Files\Common Files"/>
    <property name="java.vendor.url.bug" value="http://bugreport.sun.com/bugreport/"/>
    <property name="OS" value="Windows_NT"/>
    <property name="user.dir" value="C:\Users\jmorin\Desktop\repo\sdet trial framework\testFramework-Spring19"/>
    <property name="os.arch" value="amd64"/>
    <property name="maven.multiModuleProjectDirectory" value="C:\Users\jmorin\Desktop\repo\sdet trial framework\testFramework-Spring19"/>
    <property name="PROCESSOR_REVISION" value="4e03"/>
    <property name="CommonProgramW6432" value="C:\Program Files\Common Files"/>
    <property name="CLASSPATH" value=".;"/>
    <property name="UATDATA" value="C:\Windows\CCM\UATData\D9F8C395-CAB8-491d-B8AC-179A1FE1BE77"/>
    <property name="TEMP" value="C:\Users\jmorin\AppData\Local\Temp"/>
    <property name="SystemRoot" value="C:\WINDOWS"/>
    <property name="java.vm.info" value="mixed mode"/>
    <property name="java.vm.version" value="25.201-b09"/>
    <property name="USERPROFILE" value="C:\Users\jmorin"/>
    <property name="TMP" value="C:\Users\jmorin\AppData\Local\Temp"/>
    <property name="snow_agent" value="C:\Program Files\Snow Software\Inventory\Agent"/>
    <property name="CommonProgramFiles(x86)" value="C:\Program Files (x86)\Common Files"/>
    <property name="java.ext.dirs" value="C:\Program Files\Java\jdk1.8.0_201\jre\lib\ext;C:\WINDOWS\Sun\Java\lib\ext"/>
    <property name="java.class.version" value="52.0"/>
    <property name="HOME" value="C:\Users\jmorin"/>
  </properties>
  <testcase name="consolePcLink" classname="testcases.FirstTest" time="9.253">
    <failure message="element click intercepted: Element &lt;a href=&quot;/topic/console-pc&quot;&gt;...&lt;/a&gt; is not clickable at point (137, 5). Other element would receive the click: &lt;div id=&quot;interBgWrap&quot; style=&quot;position: fixed; width: 1036px; height: 3000px; left: 0px; top: 0px; visibility: visible; opacity: 1; background-color: rgb(51, 51, 51); z-index: 9999998;&quot;&gt;&lt;/div&gt;&#10;  (Session info: chrome=75.0.3770.142)&#10;Build info: version: &apos;3.141.59&apos;, revision: &apos;e82be7d358&apos;, time: &apos;2018-11-14T08:17:03&apos;&#10;System info: host: &apos;KNY-LENOVO1498&apos;, ip: &apos;10.0.75.1&apos;, os.name: &apos;Windows 10&apos;, os.arch: &apos;amd64&apos;, os.version: &apos;10.0&apos;, java.version: &apos;1.8.0_201&apos;&#10;Driver info: org.openqa.selenium.chrome.ChromeDriver&#10;Capabilities {acceptInsecureCerts: false, browserName: chrome, browserVersion: 75.0.3770.142, chrome: {chromedriverVersion: 75.0.3770.8 (681f24ea911fe7..., userDataDir: C:\Users\jmorin\AppData\Loc...}, goog:chromeOptions: {debuggerAddress: localhost:57088}, javascriptEnabled: true, networkConnectionEnabled: false, pageLoadStrategy: normal, platform: XP, platformName: XP, proxy: Proxy(), setWindowRect: true, strictFileInteractability: false, timeouts: {implicit: 0, pageLoad: 300000, script: 30000}, unhandledPromptBehavior: dismiss and notify}&#10;Session ID: 94d006a9e88e9e48be5724a669cae0fe" type="org.openqa.selenium.ElementClickInterceptedException"><![CDATA[org.openqa.selenium.ElementClickInterceptedException: 
element click intercepted: Element <a href="/topic/console-pc">...</a> is not clickable at point (137, 5). Other element would receive the click: <div id="interBgWrap" style="position: fixed; width: 1036px; height: 3000px; left: 0px; top: 0px; visibility: visible; opacity: 1; background-color: rgb(51, 51, 51); z-index: 9999998;"></div>
  (Session info: chrome=75.0.3770.142)
Build info: version: '3.141.59', revision: 'e82be7d358', time: '2018-11-14T08:17:03'
System info: host: 'KNY-LENOVO1498', ip: '10.0.75.1', os.name: 'Windows 10', os.arch: 'amd64', os.version: '10.0', java.version: '1.8.0_201'
Driver info: org.openqa.selenium.chrome.ChromeDriver
Capabilities {acceptInsecureCerts: false, browserName: chrome, browserVersion: 75.0.3770.142, chrome: {chromedriverVersion: 75.0.3770.8 (681f24ea911fe7..., userDataDir: C:\Users\jmorin\AppData\Loc...}, goog:chromeOptions: {debuggerAddress: localhost:57088}, javascriptEnabled: true, networkConnectionEnabled: false, pageLoadStrategy: normal, platform: XP, platformName: XP, proxy: Proxy(), setWindowRect: true, strictFileInteractability: false, timeouts: {implicit: 0, pageLoad: 300000, script: 30000}, unhandledPromptBehavior: dismiss and notify}
Session ID: 94d006a9e88e9e48be5724a669cae0fe
	at testcases.FirstTest.consolePcLink(FirstTest.java:16)
]]></failure>
    <system-err><![CDATA[ERROR StatusLogger No Log4j 2 configuration file found. Using default configuration (logging only errors to the console), or user programmatically provided configurations. Set system property 'log4j2.debug' to show Log4j 2 internal initialization logging. See https://logging.apache.org/log4j/2.x/manual/configuration.html for instructions on how to configure Log4j 2
Jul 16, 2019 4:18:01 PM java.util.prefs.WindowsPreferences <init>
WARNING: Could not open/create prefs root node Software\JavaSoft\Prefs at root 0x80000002. Windows RegCreateKeyEx(...) returned error code 5.
Starting ChromeDriver 75.0.3770.8 (681f24ea911fe754973dda2fdc6d2a2e159dd300-refs/branch-heads/3770@{#40}) on port 25244
Only local connections are allowed.
Please protect ports used by ChromeDriver and related test frameworks to prevent access by malicious code.
Jul 16, 2019 4:18:05 PM org.openqa.selenium.remote.ProtocolHandshake createSession
INFO: Detected dialect: W3C
]]></system-err>
  </testcase>
  <testcase name="smartphoneTabLink" classname="testcases.FirstTest" time="5.476">
    <failure message="element click intercepted: Element &lt;a href=&quot;/topic/smartphone-tablet&quot;&gt;...&lt;/a&gt; is not clickable at point (281, 5). Other element would receive the click: &lt;div id=&quot;interBgWrap&quot; style=&quot;position: fixed; width: 1036px; height: 3000px; left: 0px; top: 0px; visibility: visible; opacity: 1; background-color: rgb(51, 51, 51); z-index: 9999998;&quot;&gt;&lt;/div&gt;&#10;  (Session info: chrome=75.0.3770.142)&#10;Build info: version: &apos;3.141.59&apos;, revision: &apos;e82be7d358&apos;, time: &apos;2018-11-14T08:17:03&apos;&#10;System info: host: &apos;KNY-LENOVO1498&apos;, ip: &apos;10.0.75.1&apos;, os.name: &apos;Windows 10&apos;, os.arch: &apos;amd64&apos;, os.version: &apos;10.0&apos;, java.version: &apos;1.8.0_201&apos;&#10;Driver info: org.openqa.selenium.chrome.ChromeDriver&#10;Capabilities {acceptInsecureCerts: false, browserName: chrome, browserVersion: 75.0.3770.142, chrome: {chromedriverVersion: 75.0.3770.8 (681f24ea911fe7..., userDataDir: C:\Users\jmorin\AppData\Loc...}, goog:chromeOptions: {debuggerAddress: localhost:57088}, javascriptEnabled: true, networkConnectionEnabled: false, pageLoadStrategy: normal, platform: XP, platformName: XP, proxy: Proxy(), setWindowRect: true, strictFileInteractability: false, timeouts: {implicit: 0, pageLoad: 300000, script: 30000}, unhandledPromptBehavior: dismiss and notify}&#10;Session ID: 94d006a9e88e9e48be5724a669cae0fe" type="org.openqa.selenium.ElementClickInterceptedException"><![CDATA[org.openqa.selenium.ElementClickInterceptedException: 
element click intercepted: Element <a href="/topic/smartphone-tablet">...</a> is not clickable at point (281, 5). Other element would receive the click: <div id="interBgWrap" style="position: fixed; width: 1036px; height: 3000px; left: 0px; top: 0px; visibility: visible; opacity: 1; background-color: rgb(51, 51, 51); z-index: 9999998;"></div>
  (Session info: chrome=75.0.3770.142)
Build info: version: '3.141.59', revision: 'e82be7d358', time: '2018-11-14T08:17:03'
System info: host: 'KNY-LENOVO1498', ip: '10.0.75.1', os.name: 'Windows 10', os.arch: 'amd64', os.version: '10.0', java.version: '1.8.0_201'
Driver info: org.openqa.selenium.chrome.ChromeDriver
Capabilities {acceptInsecureCerts: false, browserName: chrome, browserVersion: 75.0.3770.142, chrome: {chromedriverVersion: 75.0.3770.8 (681f24ea911fe7..., userDataDir: C:\Users\jmorin\AppData\Loc...}, goog:chromeOptions: {debuggerAddress: localhost:57088}, javascriptEnabled: true, networkConnectionEnabled: false, pageLoadStrategy: normal, platform: XP, platformName: XP, proxy: Proxy(), setWindowRect: true, strictFileInteractability: false, timeouts: {implicit: 0, pageLoad: 300000, script: 30000}, unhandledPromptBehavior: dismiss and notify}
Session ID: 94d006a9e88e9e48be5724a669cae0fe
	at testcases.FirstTest.smartphoneTabLink(FirstTest.java:26)
]]></failure>
  </testcase>
  <testcase name="independentLink" classname="testcases.FirstTest" time="8.288"/>
  <testcase name="vrArLink" classname="testcases.FirstTest" time="7.513"/>
  <testcase name="socialOnlineLink" classname="testcases.FirstTest" time="22.982"/>
  <testcase name="gamaMagLink" classname="testcases.FirstTest" time="8.649"/>
  <testcase name="topicLinkFirst" classname="testcases.SecondTest" time="6.024">
    <failure message="element click intercepted: Element &lt;a href=&quot;/view/news/346231/The_aggressive_resource_management_of_Doom_Eternal.php&quot;&gt;...&lt;/a&gt; is not clickable at point (550, 9). Other element would receive the click: &lt;div id=&quot;interBgWrap&quot; style=&quot;position: fixed; width: 1036px; height: 3000px; left: 0px; top: 0px; visibility: visible; opacity: 1; background-color: rgb(51, 51, 51); z-index: 9999998;&quot;&gt;&lt;/div&gt;&#10;  (Session info: chrome=75.0.3770.142)&#10;Build info: version: &apos;3.141.59&apos;, revision: &apos;e82be7d358&apos;, time: &apos;2018-11-14T08:17:03&apos;&#10;System info: host: &apos;KNY-LENOVO1498&apos;, ip: &apos;10.0.75.1&apos;, os.name: &apos;Windows 10&apos;, os.arch: &apos;amd64&apos;, os.version: &apos;10.0&apos;, java.version: &apos;1.8.0_201&apos;&#10;Driver info: org.openqa.selenium.chrome.ChromeDriver&#10;Capabilities {acceptInsecureCerts: false, browserName: chrome, browserVersion: 75.0.3770.142, chrome: {chromedriverVersion: 75.0.3770.8 (681f24ea911fe7..., userDataDir: C:\Users\jmorin\AppData\Loc...}, goog:chromeOptions: {debuggerAddress: localhost:58283}, javascriptEnabled: true, networkConnectionEnabled: false, pageLoadStrategy: normal, platform: XP, platformName: XP, proxy: Proxy(), setWindowRect: true, strictFileInteractability: false, timeouts: {implicit: 0, pageLoad: 300000, script: 30000}, unhandledPromptBehavior: dismiss and notify}&#10;Session ID: 2726165ee4eb95a787ba708b2e2c55ea" type="org.openqa.selenium.ElementClickInterceptedException"><![CDATA[org.openqa.selenium.ElementClickInterceptedException: 
element click intercepted: Element <a href="/view/news/346231/The_aggressive_resource_management_of_Doom_Eternal.php">...</a> is not clickable at point (550, 9). Other element would receive the click: <div id="interBgWrap" style="position: fixed; width: 1036px; height: 3000px; left: 0px; top: 0px; visibility: visible; opacity: 1; background-color: rgb(51, 51, 51); z-index: 9999998;"></div>
  (Session info: chrome=75.0.3770.142)
Build info: version: '3.141.59', revision: 'e82be7d358', time: '2018-11-14T08:17:03'
System info: host: 'KNY-LENOVO1498', ip: '10.0.75.1', os.name: 'Windows 10', os.arch: 'amd64', os.version: '10.0', java.version: '1.8.0_201'
Driver info: org.openqa.selenium.chrome.ChromeDriver
Capabilities {acceptInsecureCerts: false, browserName: chrome, browserVersion: 75.0.3770.142, chrome: {chromedriverVersion: 75.0.3770.8 (681f24ea911fe7..., userDataDir: C:\Users\jmorin\AppData\Loc...}, goog:chromeOptions: {debuggerAddress: localhost:58283}, javascriptEnabled: true, networkConnectionEnabled: false, pageLoadStrategy: normal, platform: XP, platformName: XP, proxy: Proxy(), setWindowRect: true, strictFileInteractability: false, timeouts: {implicit: 0, pageLoad: 300000, script: 30000}, unhandledPromptBehavior: dismiss and notify}
Session ID: 2726165ee4eb95a787ba708b2e2c55ea
	at testcases.SecondTest.topicLinkFirst(SecondTest.java:15)
]]></failure>
    <system-err><![CDATA[Starting ChromeDriver 75.0.3770.8 (681f24ea911fe754973dda2fdc6d2a2e159dd300-refs/branch-heads/3770@{#40}) on port 21837
Only local connections are allowed.
Please protect ports used by ChromeDriver and related test frameworks to prevent access by malicious code.
Jul 16, 2019 4:19:11 PM org.openqa.selenium.remote.ProtocolHandshake createSession
INFO: Detected dialect: W3C
]]></system-err>
  </testcase>
  <testcase name="invalidLogin" classname="testcases.ThirdTest" time="8.239">
    <failure message="element click intercepted: Element &lt;input type=&quot;submit&quot; class=&quot;button&quot; value=&quot;Login&quot; id=&quot;submit&quot; name=&quot;submit&quot;&gt; is not clickable at point (110, 11). Other element would receive the click: &lt;div id=&quot;interBgWrap&quot; style=&quot;position: fixed; width: 1036px; height: 3000px; left: 0px; top: 0px; visibility: visible; opacity: 1; background-color: rgb(51, 51, 51); z-index: 9999998;&quot;&gt;&lt;/div&gt;&#10;  (Session info: chrome=75.0.3770.142)&#10;Build info: version: &apos;3.141.59&apos;, revision: &apos;e82be7d358&apos;, time: &apos;2018-11-14T08:17:03&apos;&#10;System info: host: &apos;KNY-LENOVO1498&apos;, ip: &apos;10.0.75.1&apos;, os.name: &apos;Windows 10&apos;, os.arch: &apos;amd64&apos;, os.version: &apos;10.0&apos;, java.version: &apos;1.8.0_201&apos;&#10;Driver info: org.openqa.selenium.chrome.ChromeDriver&#10;Capabilities {acceptInsecureCerts: false, browserName: chrome, browserVersion: 75.0.3770.142, chrome: {chromedriverVersion: 75.0.3770.8 (681f24ea911fe7..., userDataDir: C:\Users\jmorin\AppData\Loc...}, goog:chromeOptions: {debuggerAddress: localhost:58362}, javascriptEnabled: true, networkConnectionEnabled: false, pageLoadStrategy: normal, platform: XP, platformName: XP, proxy: Proxy(), setWindowRect: true, strictFileInteractability: false, timeouts: {implicit: 0, pageLoad: 300000, script: 30000}, unhandledPromptBehavior: dismiss and notify}&#10;Session ID: f300f02fa6b05af8c3cd706331994baf" type="org.openqa.selenium.ElementClickInterceptedException"><![CDATA[org.openqa.selenium.ElementClickInterceptedException: 
element click intercepted: Element <input type="submit" class="button" value="Login" id="submit" name="submit"> is not clickable at point (110, 11). Other element would receive the click: <div id="interBgWrap" style="position: fixed; width: 1036px; height: 3000px; left: 0px; top: 0px; visibility: visible; opacity: 1; background-color: rgb(51, 51, 51); z-index: 9999998;"></div>
  (Session info: chrome=75.0.3770.142)
Build info: version: '3.141.59', revision: 'e82be7d358', time: '2018-11-14T08:17:03'
System info: host: 'KNY-LENOVO1498', ip: '10.0.75.1', os.name: 'Windows 10', os.arch: 'amd64', os.version: '10.0', java.version: '1.8.0_201'
Driver info: org.openqa.selenium.chrome.ChromeDriver
Capabilities {acceptInsecureCerts: false, browserName: chrome, browserVersion: 75.0.3770.142, chrome: {chromedriverVersion: 75.0.3770.8 (681f24ea911fe7..., userDataDir: C:\Users\jmorin\AppData\Loc...}, goog:chromeOptions: {debuggerAddress: localhost:58362}, javascriptEnabled: true, networkConnectionEnabled: false, pageLoadStrategy: normal, platform: XP, platformName: XP, proxy: Proxy(), setWindowRect: true, strictFileInteractability: false, timeouts: {implicit: 0, pageLoad: 300000, script: 30000}, unhandledPromptBehavior: dismiss and notify}
Session ID: f300f02fa6b05af8c3cd706331994baf
	at testcases.ThirdTest.invalidLogin(ThirdTest.java:18)
]]></failure>
    <system-err><![CDATA[Starting ChromeDriver 75.0.3770.8 (681f24ea911fe754973dda2fdc6d2a2e159dd300-refs/branch-heads/3770@{#40}) on port 21529
Only local connections are allowed.
Please protect ports used by ChromeDriver and related test frameworks to prevent access by malicious code.
Jul 16, 2019 4:19:20 PM org.openqa.selenium.remote.ProtocolHandshake createSession
INFO: Detected dialect: W3C
]]></system-err>
  </testcase>
</testsuite>